<?xml version="1.0" encoding="UTF-8"?>
<!-- Generated by org.testng.reporters.JUnitReportReporter -->
<testsuite skipped="0" hostname="BLT171" name="com.testcasees.alaskatestcase" tests="1" failures="0" timestamp="13 Mar 2020 11:11:42 GMT" time="119.052" errors="0">
  <testcase name="Test1" time="119.052" classname="com.testcasees.alaskatestcase"/>
</testsuite> <!-- com.testcasees.alaskatestcase -->
